This is pdfTeX, Version 3.14159265-2.6-1.40.19 (TeX Live 2018/Arch Linux) (preloaded format=pdflatex 2019.2.10)  13 FEB 2019 21:59
entering extended mode
 restricted \write18 enabled.
 %&-line parsing enabled.
**StockMarketAI.tex
(./StockMarketAI.tex
LaTeX2e <2018-04-01> patch level 5
(/usr/share/texmf-dist/tex/latex/base/article.cls
Document Class: article 2014/09/29 v1.4h Standard LaTeX document class
(/usr/share/texmf-dist/tex/latex/base/size12.clo
File: size12.clo 2014/09/29 v1.4h Standard LaTeX file (size option)
)
\c@part=\count80
\c@section=\count81
\c@subsection=\count82
\c@subsubsection=\count83
\c@paragraph=\count84
\c@subparagraph=\count85
\c@figure=\count86
\c@table=\count87
\abovecaptionskip=\skip41
\belowcaptionskip=\skip42
\bibindent=\dimen102
)
(/usr/share/texmf-dist/tex/latex/xcolor/xcolor.sty
Package: xcolor 2016/05/11 v2.12 LaTeX color extensions (UK)

(/usr/share/texmf-dist/tex/latex/graphics-cfg/color.cfg
File: color.cfg 2016/01/02 v1.6 sample color configuration
)
Package xcolor Info: Driver file: pdftex.def on input line 225.

(/usr/share/texmf-dist/tex/latex/graphics-def/pdftex.def
File: pdftex.def 2018/01/08 v1.0l Graphics/color driver for pdftex
)
Package xcolor Info: Model `cmy' substituted by `cmy0' on input line 1348.
Package xcolor Info: Model `hsb' substituted by `rgb' on input line 1352.
Package xcolor Info: Model `RGB' extended on input line 1364.
Package xcolor Info: Model `HTML' substituted by `rgb' on input line 1366.
Package xcolor Info: Model `Hsb' substituted by `hsb' on input line 1367.
Package xcolor Info: Model `tHsb' substituted by `hsb' on input line 1368.
Package xcolor Info: Model `HSB' substituted by `hsb' on input line 1369.
Package xcolor Info: Model `Gray' substituted by `gray' on input line 1370.
Package xcolor Info: Model `wave' substituted by `hsb' on input line 1371.
)
(/usr/share/texmf-dist/tex/latex/graphics/graphicx.sty
Package: graphicx 2017/06/01 v1.1a Enhanced LaTeX Graphics (DPC,SPQR)

(/usr/share/texmf-dist/tex/latex/graphics/keyval.sty
Package: keyval 2014/10/28 v1.15 key=value parser (DPC)
\KV@toks@=\toks14
)
(/usr/share/texmf-dist/tex/latex/graphics/graphics.sty
Package: graphics 2017/06/25 v1.2c Standard LaTeX Graphics (DPC,SPQR)

(/usr/share/texmf-dist/tex/latex/graphics/trig.sty
Package: trig 2016/01/03 v1.10 sin cos tan (DPC)
)
(/usr/share/texmf-dist/tex/latex/graphics-cfg/graphics.cfg
File: graphics.cfg 2016/06/04 v1.11 sample graphics configuration
)
Package graphics Info: Driver file: pdftex.def on input line 99.
)
\Gin@req@height=\dimen103
\Gin@req@width=\dimen104
)
(/usr/share/texmf-dist/tex/latex/float/float.sty
Package: float 2001/11/08 v1.3d Float enhancements (AL)
\c@float@type=\count88
\float@exts=\toks15
\float@box=\box26
\@float@everytoks=\toks16
\@floatcapt=\box27
)
(/usr/share/texmf-dist/tex/latex/booktabs/booktabs.sty
Package: booktabs 2016/04/27 v1.618033 publication quality tables
\heavyrulewidth=\dimen105
\lightrulewidth=\dimen106
\cmidrulewidth=\dimen107
\belowrulesep=\dimen108
\belowbottomsep=\dimen109
\aboverulesep=\dimen110
\abovetopsep=\dimen111
\cmidrulesep=\dimen112
\cmidrulekern=\dimen113
\defaultaddspace=\dimen114
\@cmidla=\count89
\@cmidlb=\count90
\@aboverulesep=\dimen115
\@belowrulesep=\dimen116
\@thisruleclass=\count91
\@lastruleclass=\count92
\@thisrulewidth=\dimen117
) (./StockMarketAI.aux)
\openout1 = `StockMarketAI.aux'.

LaTeX Font Info:    Checking defaults for OML/cmm/m/it on input line 12.
LaTeX Font Info:    ... okay on input line 12.
LaTeX Font Info:    Checking defaults for T1/cmr/m/n on input line 12.
LaTeX Font Info:    ... okay on input line 12.
LaTeX Font Info:    Checking defaults for OT1/cmr/m/n on input line 12.
LaTeX Font Info:    ... okay on input line 12.
LaTeX Font Info:    Checking defaults for OMS/cmsy/m/n on input line 12.
LaTeX Font Info:    ... okay on input line 12.
LaTeX Font Info:    Checking defaults for OMX/cmex/m/n on input line 12.
LaTeX Font Info:    ... okay on input line 12.
LaTeX Font Info:    Checking defaults for U/cmr/m/n on input line 12.
LaTeX Font Info:    ... okay on input line 12.

(/usr/share/texmf-dist/tex/context/base/mkii/supp-pdf.mkii
[Loading MPS to PDF converter (version 2006.09.02).]
\scratchcounter=\count93
\scratchdimen=\dimen118
\scratchbox=\box28
\nofMPsegments=\count94
\nofMParguments=\count95
\everyMPshowfont=\toks17
\MPscratchCnt=\count96
\MPscratchDim=\dimen119
\MPnumerator=\count97
\makeMPintoPDFobject=\count98
\everyMPtoPDFconversion=\toks18
) (/usr/share/texmf-dist/tex/latex/oberdiek/epstopdf-base.sty
Package: epstopdf-base 2016/05/15 v2.6 Base part for package epstopdf

(/usr/share/texmf-dist/tex/generic/oberdiek/infwarerr.sty
Package: infwarerr 2016/05/16 v1.4 Providing info/warning/error messages (HO)
)
(/usr/share/texmf-dist/tex/latex/oberdiek/grfext.sty
Package: grfext 2016/05/16 v1.2 Manage graphics extensions (HO)

(/usr/share/texmf-dist/tex/generic/oberdiek/kvdefinekeys.sty
Package: kvdefinekeys 2016/05/16 v1.4 Define keys (HO)

(/usr/share/texmf-dist/tex/generic/oberdiek/ltxcmds.sty
Package: ltxcmds 2016/05/16 v1.23 LaTeX kernel commands for general use (HO)
)))
(/usr/share/texmf-dist/tex/latex/oberdiek/kvoptions.sty
Package: kvoptions 2016/05/16 v3.12 Key value format for package options (HO)

(/usr/share/texmf-dist/tex/generic/oberdiek/kvsetkeys.sty
Package: kvsetkeys 2016/05/16 v1.17 Key value parser (HO)

(/usr/share/texmf-dist/tex/generic/oberdiek/etexcmds.sty
Package: etexcmds 2016/05/16 v1.6 Avoid name clashes with e-TeX commands (HO)

(/usr/share/texmf-dist/tex/generic/oberdiek/ifluatex.sty
Package: ifluatex 2016/05/16 v1.4 Provides the ifluatex switch (HO)
Package ifluatex Info: LuaTeX not detected.
)
Package etexcmds Info: Could not find \expanded.
(etexcmds)             That can mean that you are not using pdfTeX 1.50 or
(etexcmds)             that some package has redefined \expanded.
(etexcmds)             In the latter case, load this package earlier.
)))
(/usr/share/texmf-dist/tex/generic/oberdiek/pdftexcmds.sty
Package: pdftexcmds 2018/09/10 v0.29 Utility functions of pdfTeX for LuaTeX (HO
)

(/usr/share/texmf-dist/tex/generic/oberdiek/ifpdf.sty
Package: ifpdf 2018/09/07 v3.3 Provides the ifpdf switch
)
Package pdftexcmds Info: LuaTeX not detected.
Package pdftexcmds Info: \pdf@primitive is available.
Package pdftexcmds Info: \pdf@ifprimitive is available.
Package pdftexcmds Info: \pdfdraftmode found.
)
Package epstopdf-base Info: Redefining graphics rule for `.eps' on input line 4
38.
Package grfext Info: Graphics extension search list:
(grfext)             [.pdf,.png,.jpg,.mps,.jpeg,.jbig2,.jb2,.PDF,.PNG,.JPG,.JPE
G,.JBIG2,.JB2,.eps]
(grfext)             \AppendGraphicsExtensions on input line 456.

(/usr/share/texmf-dist/tex/latex/latexconfig/epstopdf-sys.cfg
File: epstopdf-sys.cfg 2010/07/13 v1.3 Configuration of (r)epstopdf for TeX Liv
e
))
LaTeX Font Info:    External font `cmex10' loaded for size
(Font)              <14.4> on input line 13.
LaTeX Font Info:    External font `cmex10' loaded for size
(Font)              <7> on input line 13.

(./LinearRegression.pdf_tex
<LinearRegression.pdf, id=1, page=1, 337.1257pt x 218.7842pt>
File: LinearRegression.pdf Graphic file (type pdf)
<use LinearRegression.pdf, page 1>
Package pdftex.def Info: LinearRegression.pdf , page1 used on input line 56.
(pdftex.def)             Requested size: 390.0pt x 253.1188pt.
) [1

{/var/lib/texmf/fonts/map/pdftex/updmap/pdftex.map}]
Overfull \hbox (3.9473pt too wide) in paragraph at lines 30--31
[]\OT1/cmr/m/n/12 This type of learn-ing is called su-per-vised ma-chine learn-
ing be-cause through
 []


Underfull \hbox (badness 10000) in paragraph at lines 30--31

 []

[2 <./LinearRegression.pdf>]
LaTeX Font Info:    External font `cmex10' loaded for size
(Font)              <12> on input line 46.
LaTeX Font Info:    External font `cmex10' loaded for size
(Font)              <8> on input line 46.
LaTeX Font Info:    External font `cmex10' loaded for size
(Font)              <6> on input line 46.

Underfull \hbox (badness 10000) in paragraph at lines 46--47

 []

[3] (./Sigmoid.pdf_tex
<Sigmoid.pdf, id=327, page=1, 291.94862pt x 193.59044pt>
File: Sigmoid.pdf Graphic file (type pdf)
<use Sigmoid.pdf, page 1>
Package pdftex.def Info: Sigmoid.pdf , page1 used on input line 56.
(pdftex.def)             Requested size: 390.0pt x 258.6152pt.
<Sigmoid.pdf, id=328, page=2, 291.94862pt x 193.59044pt>
File: Sigmoid.pdf Graphic file (type pdf)
<use Sigmoid.pdf, page 2>
Package pdftex.def Info: Sigmoid.pdf , page2 used on input line 58.
(pdftex.def)             Requested size: 390.0pt x 258.6152pt.
<Sigmoid.pdf, id=329, page=3, 291.94862pt x 193.59044pt>
File: Sigmoid.pdf Graphic file (type pdf)
<use Sigmoid.pdf, page 3>
Package pdftex.def Info: Sigmoid.pdf , page3 used on input line 60.
(pdftex.def)             Requested size: 390.0pt x 258.6152pt.
<Sigmoid.pdf, id=330, page=4, 291.94862pt x 193.59044pt>
File: Sigmoid.pdf Graphic file (type pdf)
<use Sigmoid.pdf, page 4>
Package pdftex.def Info: Sigmoid.pdf , page4 used on input line 62.
(pdftex.def)             Requested size: 390.0pt x 258.6152pt.
<Sigmoid.pdf, id=331, page=5, 291.94862pt x 193.59044pt>
File: Sigmoid.pdf Graphic file (type pdf)
<use Sigmoid.pdf, page 5>
Package pdftex.def Info: Sigmoid.pdf , page5 used on input line 64.
(pdftex.def)             Requested size: 390.0pt x 258.6152pt.
<Sigmoid.pdf, id=332, page=6, 291.94862pt x 193.59044pt>
File: Sigmoid.pdf Graphic file (type pdf)
<use Sigmoid.pdf, page 6>
Package pdftex.def Info: Sigmoid.pdf , page6 used on input line 66.
(pdftex.def)             Requested size: 390.0pt x 258.6152pt.
<Sigmoid.pdf, id=333, page=7, 291.94862pt x 193.59044pt>
File: Sigmoid.pdf Graphic file (type pdf)
<use Sigmoid.pdf, page 7>
Package pdftex.def Info: Sigmoid.pdf , page7 used on input line 68.
(pdftex.def)             Requested size: 390.0pt x 258.6152pt.
<Sigmoid.pdf, id=334, page=8, 291.94862pt x 193.59044pt>
File: Sigmoid.pdf Graphic file (type pdf)
<use Sigmoid.pdf, page 8>
Package pdftex.def Info: Sigmoid.pdf , page8 used on input line 70.
(pdftex.def)             Requested size: 390.0pt x 258.6152pt.
<Sigmoid.pdf, id=335, page=9, 291.94862pt x 193.59044pt>
File: Sigmoid.pdf Graphic file (type pdf)
<use Sigmoid.pdf, page 9>
Package pdftex.def Info: Sigmoid.pdf , page9 used on input line 72.
(pdftex.def)             Requested size: 390.0pt x 258.6152pt.
<Sigmoid.pdf, id=336, page=10, 291.94862pt x 193.59044pt>
File: Sigmoid.pdf Graphic file (type pdf)
<use Sigmoid.pdf, page 10>
Package pdftex.def Info: Sigmoid.pdf , page10 used on input line 74.
(pdftex.def)             Requested size: 390.0pt x 258.6152pt.
<Sigmoid.pdf, id=337, page=11, 291.94862pt x 193.59044pt>
File: Sigmoid.pdf Graphic file (type pdf)
<use Sigmoid.pdf, page 11>
Package pdftex.def Info: Sigmoid.pdf , page11 used on input line 76.
(pdftex.def)             Requested size: 390.0pt x 258.6152pt.
<Sigmoid.pdf, id=338, page=12, 291.94862pt x 193.59044pt>
File: Sigmoid.pdf Graphic file (type pdf)
<use Sigmoid.pdf, page 12>
Package pdftex.def Info: Sigmoid.pdf , page12 used on input line 78.
(pdftex.def)             Requested size: 390.0pt x 258.6152pt.
<Sigmoid.pdf, id=339, page=13, 291.94862pt x 193.59044pt>
File: Sigmoid.pdf Graphic file (type pdf)
<use Sigmoid.pdf, page 13>
Package pdftex.def Info: Sigmoid.pdf , page13 used on input line 80.
(pdftex.def)             Requested size: 390.0pt x 258.6152pt.
<Sigmoid.pdf, id=340, page=14, 291.94862pt x 193.59044pt>
File: Sigmoid.pdf Graphic file (type pdf)
<use Sigmoid.pdf, page 14>
Package pdftex.def Info: Sigmoid.pdf , page14 used on input line 82.
(pdftex.def)             Requested size: 390.0pt x 258.6152pt.
<Sigmoid.pdf, id=341, page=15, 291.94862pt x 193.59044pt>
File: Sigmoid.pdf Graphic file (type pdf)
<use Sigmoid.pdf, page 15>
Package pdftex.def Info: Sigmoid.pdf , page15 used on input line 84.
(pdftex.def)             Requested size: 390.0pt x 258.6152pt.
<Sigmoid.pdf, id=342, page=16, 291.94862pt x 193.59044pt>
File: Sigmoid.pdf Graphic file (type pdf)
<use Sigmoid.pdf, page 16>
Package pdftex.def Info: Sigmoid.pdf , page16 used on input line 86.
(pdftex.def)             Requested size: 390.0pt x 258.6152pt.
) [4 <./Sigmoid.pdf> <./Sigmoid.pdf

pdfTeX warning: pdflatex (file ./Sigmoid.pdf): PDF inclusion: multiple pdfs wit
h page group included in a single page
> <./Sigmoid.pdf

pdfTeX warning: pdflatex (file ./Sigmoid.pdf): PDF inclusion: multiple pdfs wit
h page group included in a single page
> <./Sigmoid.pdf

pdfTeX warning: pdflatex (file ./Sigmoid.pdf): PDF inclusion: multiple pdfs wit
h page group included in a single page
> <./Sigmoid.pdf

pdfTeX warning: pdflatex (file ./Sigmoid.pdf): PDF inclusion: multiple pdfs wit
h page group included in a single page
> <./Sigmoid.pdf

pdfTeX warning: pdflatex (file ./Sigmoid.pdf): PDF inclusion: multiple pdfs wit
h page group included in a single page
> <./Sigmoid.pdf

pdfTeX warning: pdflatex (file ./Sigmoid.pdf): PDF inclusion: multiple pdfs wit
h page group included in a single page
> <./Sigmoid.pdf

pdfTeX warning: pdflatex (file ./Sigmoid.pdf): PDF inclusion: multiple pdfs wit
h page group included in a single page
> <./Sigmoid.pdf

pdfTeX warning: pdflatex (file ./Sigmoid.pdf): PDF inclusion: multiple pdfs wit
h page group included in a single page
> <./Sigmoid.pdf

pdfTeX warning: pdflatex (file ./Sigmoid.pdf): PDF inclusion: multiple pdfs wit
h page group included in a single page
> <./Sigmoid.pdf

pdfTeX warning: pdflatex (file ./Sigmoid.pdf): PDF inclusion: multiple pdfs wit
h page group included in a single page
> <./Sigmoid.pdf

pdfTeX warning: pdflatex (file ./Sigmoid.pdf): PDF inclusion: multiple pdfs wit
h page group included in a single page
> <./Sigmoid.pdf

pdfTeX warning: pdflatex (file ./Sigmoid.pdf): PDF inclusion: multiple pdfs wit
h page group included in a single page
> <./Sigmoid.pdf

pdfTeX warning: pdflatex (file ./Sigmoid.pdf): PDF inclusion: multiple pdfs wit
h page group included in a single page
> <./Sigmoid.pdf

pdfTeX warning: pdflatex (file ./Sigmoid.pdf): PDF inclusion: multiple pdfs wit
h page group included in a single page
> <./Sigmoid.pdf

pdfTeX warning: pdflatex (file ./Sigmoid.pdf): PDF inclusion: multiple pdfs wit
h page group included in a single page
>]
<images/nn.png, id=348, 480.79625pt x 259.97125pt>
File: images/nn.png Graphic file (type png)
<use images/nn.png>
Package pdftex.def Info: images/nn.png  used on input line 61.
(pdftex.def)             Requested size: 390.0pt x 210.881pt.
<images/DifferentNN.png, id=349, 2007.5pt x 3011.25pt>
File: images/DifferentNN.png Graphic file (type png)
<use images/DifferentNN.png>
Package pdftex.def Info: images/DifferentNN.png  used on input line 71.
(pdftex.def)             Requested size: 390.0pt x 584.96292pt.
 [5 <./images/NN.png (PNG copy)>]
Overfull \vbox (36.46292pt too high) has occurred while \output is active []


[6 <./images/DifferentNN.png (PNG copy)>]
<images/LSTM.png, id=356, 1160.335pt x 1029.8475pt>
File: images/LSTM.png Graphic file (type png)
<use images/LSTM.png>
Package pdftex.def Info: images/LSTM.png  used on input line 87.
(pdftex.def)             Requested size: 390.0pt x 346.1364pt.
 [7]
<images/MultiLSTM.png, id=362, 1606.0pt x 303.1325pt>
File: images/MultiLSTM.png Graphic file (type png)
<use images/MultiLSTM.png>
Package pdftex.def Info: images/MultiLSTM.png  used on input line 94.
(pdftex.def)             Requested size: 390.0pt x 73.6136pt.
 [8 <./images/LSTM.png (PNG copy)>]
<images/FirstValve.png, id=369, 1195.46625pt x 652.4375pt>
File: images/FirstValve.png Graphic file (type png)
<use images/FirstValve.png>
Package pdftex.def Info: images/FirstValve.png  used on input line 101.
(pdftex.def)             Requested size: 390.0pt x 212.84605pt.
<images/SecondValve.png, id=370, 1195.46625pt x 652.4375pt>
File: images/SecondValve.png Graphic file (type png)
<use images/SecondValve.png>
Package pdftex.def Info: images/SecondValve.png  used on input line 108.
(pdftex.def)             Requested size: 390.0pt x 212.84605pt.
 [9 <./images/MultiLSTM.png (PNG copy)> <./images/FirstValve.png (PNG copy)>]
<images/LastValve.png, id=374, 1195.46625pt x 652.4375pt>
File: images/LastValve.png Graphic file (type png)
<use images/LastValve.png>
Package pdftex.def Info: images/LastValve.png  used on input line 115.
(pdftex.def)             Requested size: 390.0pt x 212.84605pt.

[10 <./images/SecondValve.png (PNG copy)> <./images/LastValve.png (PNG copy)>]
Overfull \hbox (43.27977pt too wide) in paragraph at lines 124--126
\OT1/cmr/m/n/12 the model. All code is on github at: https://github.com/Program
atic/StockMarketAI
 []


Underfull \hbox (badness 10000) in paragraph at lines 124--126

 []


Underfull \hbox (badness 10000) in paragraph at lines 128--129

 []

<images/TI.png, id=378, 433.62pt x 289.08pt>
File: images/TI.png Graphic file (type png)
<use images/TI.png>
Package pdftex.def Info: images/TI.png  used on input line 132.
(pdftex.def)             Requested size: 390.0pt x 260.01079pt.
[11]
<images/T1.png, id=384, 433.62pt x 289.08pt>
File: images/T1.png Graphic file (type png)
<use images/T1.png>
Package pdftex.def Info: images/T1.png  used on input line 137.
(pdftex.def)             Requested size: 216.80946pt x 144.53964pt.
 [12 <./images/TI.png>]
<images/T2.png, id=389, 433.62pt x 289.08pt>
File: images/T2.png Graphic file (type png)
<use images/T2.png>
Package pdftex.def Info: images/T2.png  used on input line 144.
(pdftex.def)             Requested size: 390.0pt x 260.01079pt.
 [13 <./images/T1.png>]
<images/T3.png, id=395, 433.62pt x 289.08pt>
File: images/T3.png Graphic file (type png)
<use images/T3.png>
Package pdftex.def Info: images/T3.png  used on input line 151.
(pdftex.def)             Requested size: 390.0pt x 260.01079pt.
 [14 <./images/T2.png>]
<images/adagradloss.png, id=400, 433.62pt x 289.08pt>
File: images/adagradloss.png Graphic file (type png)
<use images/adagradloss.png>
Package pdftex.def Info: images/adagradloss.png  used on input line 170.
(pdftex.def)             Requested size: 390.0pt x 260.01079pt.

[15 <./images/T3.png>]
<images/sgdloss.png, id=405, 433.62pt x 289.08pt>
File: images/sgdloss.png Graphic file (type png)
<use images/sgdloss.png>
Package pdftex.def Info: images/sgdloss.png  used on input line 175.
(pdftex.def)             Requested size: 390.0162pt x 227.62082pt.
<images/adadeltaloss.png, id=406, 433.62pt x 289.08pt>
File: images/adadeltaloss.png Graphic file (type png)
<use images/adadeltaloss.png>
Package pdftex.def Info: images/adadeltaloss.png  used on input line 178.
(pdftex.def)             Requested size: 390.0162pt x 227.62082pt.
 [16 <./images/adagradloss.png>]
<images/rmsloss.png, id=411, 433.62pt x 289.08pt>
File: images/rmsloss.png Graphic file (type png)
<use images/rmsloss.png>
Package pdftex.def Info: images/rmsloss.png  used on input line 183.
(pdftex.def)             Requested size: 390.0162pt x 227.62082pt.
<images/adamloss.png, id=412, 433.62pt x 289.08pt>
File: images/adamloss.png Graphic file (type png)
<use images/adamloss.png>
Package pdftex.def Info: images/adamloss.png  used on input line 186.
(pdftex.def)             Requested size: 390.0162pt x 227.62082pt.

Underfull \hbox (badness 10000) in paragraph at lines 192--193

 []

[17 <./images/sgdloss.png> <./images/adadeltaloss.png>] [18 <./images/rmsloss.p
ng> <./images/adamloss.png>]
Underfull \hbox (badness 10000) in paragraph at lines 194--195

 []

[19] (./StockMarketAI.bbl

! Package inputenc Error: Unicode character   (U+200A)
(inputenc)                not set up for use with LaTeX.

See the inputenc package documentation for explanation.
Type  H <return>  for immediate help.
 ...                                              
                                                  
l.14 ...`Creating a neural network from scratch 
                                                  - tensorflow for
? 

! Package inputenc Error: Unicode character   (U+200A)
(inputenc)                not set up for use with LaTeX.

See the inputenc package documentation for explanation.
Type  H <return>  for immediate help.
 ...                                              
                                                  
l.14 ...ating a neural network from scratch - 
                                                  tensorflow for
? 
) [20] (./StockMarketAI.aux) ) 
Here is how much of TeX's memory you used:
 2186 strings out of 492639
 30514 string characters out of 6135497
 100017 words of memory out of 5000000
 6043 multiletter control sequences out of 15000+600000
 8848 words of font info for 31 fonts, out of 8000000 for 9000
 1141 hyphenation exceptions out of 8191
 41i,13n,35p,1420b,330s stack positions out of 5000i,500n,10000p,200000b,80000s
</usr/share/texmf-dist/fonts/type1/public/amsfont
s/cm/cmbx12.pfb></usr/share/texmf-dist/fonts/type1/public/amsfonts/cm/cmmi12.pf
b></usr/share/texmf-dist/fonts/type1/public/amsfonts/cm/cmmi8.pfb></usr/share/t
exmf-dist/fonts/type1/public/amsfonts/cm/cmr12.pfb></usr/share/texmf-dist/fonts
/type1/public/amsfonts/cm/cmr17.pfb></usr/share/texmf-dist/fonts/type1/public/a
msfonts/cm/cmr8.pfb></usr/share/texmf-dist/fonts/type1/public/amsfonts/cm/cmsy1
0.pfb></usr/share/texmf-dist/fonts/type1/public/amsfonts/cm/cmsy8.pfb></usr/sha
re/texmf-dist/fonts/type1/public/amsfonts/cm/cmti12.pfb>
Output written on StockMarketAI.pdf (20 pages, 1336100 bytes).
PDF statistics:
 460 PDF objects out of 1000 (max. 8388607)
 282 compressed objects within 3 object streams
 0 named destinations out of 1000 (max. 500000)
 166 words of extra memory for PDF output out of 10000 (max. 10000000)

